<?xml version="1.0" encoding="UTF-8"?>
<testng-results ignored="0" total="2" passed="2" failed="0" skipped="0">
  <reporter-output>
  </reporter-output>
  <suite started-at="2023-08-28T11:25:49 IST" name="Default suite" finished-at="2023-08-28T11:26:09 IST" duration-ms="20343">
    <groups>
    </groups>
    <test started-at="2023-08-28T11:25:49 IST" name="Default test" finished-at="2023-08-28T11:26:09 IST" duration-ms="20343">
      <class name="Automation.demoOrangeHRM">
        <test-method is-config="true" signature="bt1()[pri:0, instance:Automation.demoOrangeHRM@5fd4f8f5]" started-at="2023-08-28T11:25:49 IST" name="bt1" finished-at="2023-08-28T11:26:00 IST" duration-ms="10900" status="PASS">
          <reporter-output>
          </reporter-output>
        </test-method> <!-- bt1 -->
        <test-method signature="login()[pri:0, instance:Automation.demoOrangeHRM@5fd4f8f5]" started-at="2023-08-28T11:26:00 IST" name="login" finished-at="2023-08-28T11:26:04 IST" duration-ms="3380" status="PASS">
          <reporter-output>
          </reporter-output>
        </test-method> <!-- login -->
        <test-method signature="Admin()[pri:1, instance:Automation.demoOrangeHRM@5fd4f8f5]" started-at="2023-08-28T11:26:04 IST" name="Admin" finished-at="2023-08-28T11:26:09 IST" duration-ms="5929" status="PASS">
          <reporter-output>
          </reporter-output>
        </test-method> <!-- Admin -->
      </class> <!-- Automation.demoOrangeHRM -->
    </test> <!-- Default test -->
  </suite> <!-- Default suite -->
</testng-results>
